# JRE version: OpenJDK Runtime Environment Temurin-17.0.17+10 (17.0.17+10) (build 17.0.17+10)
# Java VM: OpenJDK 64-Bit Server VM Temurin-17.0.17+10 (17.0.17+10, mixed mode, sharing, tiered, compressed oops, compressed class ptrs, g1 gc, windows-amd64)
GC Precious Log:
 CPUs: 8 total, 8 available
 Memory: 8108M
 Large Page Support: Disabled
 NUMA Support: Disabled
 Compressed Oops: Enabled (32-bit)
 Heap Region Size: 1M
 Heap Min Capacity: 8M
 Heap Initial Capacity: 128M
 Heap Max Capacity: 2028M
 Pre-touch: Disabled
 Parallel Workers: 8
 Concurrent Workers: 2
 Concurrent Refinement Workers: 8
 Periodic GC: Disabled
Heap:
 garbage-first heap   total 291840K, used 145288K [0x0000000081400000, 0x0000000100000000)
  region size 1024K, 92 young (94208K), 15 survivors (15360K)
 Metaspace       used 110853K, committed 111616K, reserved 1179648K
  class space    used 15067K, committed 15424K, reserved 1048576K
GC Heap History (20 events):
Event: 28.965 GC heap before
{Heap before GC invocations=26 (full 0):
 garbage-first heap   total 99328K, used 83524K [0x0000000081400000, 0x0000000100000000)
  region size 1024K, 35 young (35840K), 2 survivors (2048K)
 Metaspace       used 84225K, committed 84864K, reserved 1179648K
  class space    used 11509K, committed 11840K, reserved 1048576K
}
Event: 28.970 GC heap after
{Heap after GC invocations=27 (full 0):
 garbage-first heap   total 99328K, used 50514K [0x0000000081400000, 0x0000000100000000)
  region size 1024K, 3 young (3072K), 3 survivors (3072K)
 Metaspace       used 84225K, committed 84864K, reserved 1179648K
  class space    used 11509K, committed 11840K, reserved 1048576K
}
Event: 28.978 GC heap before
{Heap before GC invocations=27 (full 0):
 garbage-first heap   total 99328K, used 51538K [0x0000000081400000, 0x0000000100000000)
  region size 1024K, 4 young (4096K), 3 survivors (3072K)
 Metaspace       used 84225K, committed 84864K, reserved 1179648K
  class space    used 11509K, committed 11840K, reserved 1048576K
}
Event: 28.983 GC heap after
{Heap after GC invocations=28 (full 0):
 garbage-first heap   total 99328K, used 50062K [0x0000000081400000, 0x0000000100000000)
  region size 1024K, 1 young (1024K), 1 survivors (1024K)
 Metaspace       used 84225K, committed 84864K, reserved 1179648K
  class space    used 11509K, committed 11840K, reserved 1048576K
}
Event: 29.585 GC heap before
{Heap before GC invocations=28 (full 0):
 garbage-first heap   total 99328K, used 82830K [0x0000000081400000, 0x0000000100000000)
  region size 1024K, 33 young (33792K), 1 survivors (1024K)
 Metaspace       used 85353K, committed 85952K, reserved 1179648K
  class space    used 11670K, committed 11968K, reserved 1048576K
}
Event: 29.590 GC heap after
{Heap after GC invocations=29 (full 0):
 garbage-first heap   total 99328K, used 50980K [0x0000000081400000, 0x0000000100000000)
  region size 1024K, 2 young (2048K), 2 survivors (2048K)
 Metaspace       used 85353K, committed 85952K, reserved 1179648K
  class space    used 11670K, committed 11968K, reserved 1048576K
}
Event: 30.235 GC heap before
{Heap before GC invocations=30 (full 0):
 garbage-first heap   total 99328K, used 83748K [0x0000000081400000, 0x0000000100000000)
  region size 1024K, 34 young (34816K), 2 survivors (2048K)
 Metaspace       used 87563K, committed 88192K, reserved 1179648K
  class space    used 11925K, committed 12224K, reserved 1048576K
}
Event: 30.240 GC heap after
{Heap after GC invocations=31 (full 0):
 garbage-first heap   total 99328K, used 51948K [0x0000000081400000, 0x0000000100000000)
  region size 1024K, 2 young (2048K), 2 survivors (2048K)
 Metaspace       used 87563K, committed 88192K, reserved 1179648K
  class space    used 11925K, committed 12224K, reserved 1048576K
}
Event: 30.247 GC heap before
{Heap before GC invocations=31 (full 0):
 garbage-first heap   total 99328K, used 53996K [0x0000000081400000, 0x0000000100000000)
  region size 1024K, 4 young (4096K), 2 survivors (2048K)
 Metaspace       used 87563K, committed 88192K, reserved 1179648K
  class space    used 11925K, committed 12224K, reserved 1048576K
}
Event: 30.254 GC heap after
{Heap after GC invocations=32 (full 0):
 garbage-first heap   total 99328K, used 51721K [0x0000000081400000, 0x0000000100000000)
  region size 1024K, 1 young (1024K), 1 survivors (1024K)
 Metaspace       used 87563K, committed 88192K, reserved 1179648K
  class space    used 11925K, committed 12224K, reserved 1048576K
}
Event: 30.563 GC heap before
{Heap before GC invocations=32 (full 0):
 garbage-first heap   total 99328K, used 83465K [0x0000000081400000, 0x0000000100000000)
  region size 1024K, 32 young (32768K), 1 survivors (1024K)
 Metaspace       used 87912K, committed 88576K, reserved 1179648K
  class space    used 11946K, committed 12288K, reserved 1048576K
}
Event: 30.567 GC heap after
{Heap after GC invocations=33 (full 0):
 garbage-first heap   total 99328K, used 52420K [0x0000000081400000, 0x0000000100000000)
  region size 1024K, 1 young (1024K), 1 survivors (1024K)
 Metaspace       used 87912K, committed 88576K, reserved 1179648K
  class space    used 11946K, committed 12288K, reserved 1048576K
}
Event: 30.858 GC heap before
{Heap before GC invocations=34 (full 0):
 garbage-first heap   total 107520K, used 84164K [0x0000000081400000, 0x0000000100000000)
  region size 1024K, 32 young (32768K), 1 survivors (1024K)
 Metaspace       used 88121K, committed 88768K, reserved 1179648K
  class space    used 11961K, committed 12288K, reserved 1048576K
}
Event: 30.862 GC heap after
{Heap after GC invocations=35 (full 0):
 garbage-first heap   total 107520K, used 53218K [0x0000000081400000, 0x0000000100000000)
  region size 1024K, 2 young (2048K), 2 survivors (2048K)
 Metaspace       used 88121K, committed 88768K, reserved 1179648K
  class space    used 11961K, committed 12288K, reserved 1048576K
}
Event: 30.895 GC heap before
{Heap before GC invocations=35 (full 0):
 garbage-first heap   total 107520K, used 56290K [0x0000000081400000, 0x0000000100000000)
  region size 1024K, 5 young (5120K), 2 survivors (2048K)
 Metaspace       used 88152K, committed 88832K, reserved 1179648K
  class space    used 11963K, committed 12288K, reserved 1048576K
}
Event: 30.904 GC heap after
{Heap after GC invocations=36 (full 0):
 garbage-first heap   total 291840K, used 52922K [0x0000000081400000, 0x0000000100000000)
  region size 1024K, 1 young (1024K), 1 survivors (1024K)
 Metaspace       used 88152K, committed 88832K, reserved 1179648K
  class space    used 11963K, committed 12288K, reserved 1048576K
}
Event: 35.507 GC heap before
{Heap before GC invocations=36 (full 0):
 garbage-first heap   total 291840K, used 227002K [0x0000000081400000, 0x0000000100000000)
  region size 1024K, 171 young (175104K), 1 survivors (1024K)
 Metaspace       used 96022K, committed 96704K, reserved 1179648K
  class space    used 13039K, committed 13376K, reserved 1048576K
}
Event: 35.525 GC heap after
{Heap after GC invocations=37 (full 0):
 garbage-first heap   total 291840K, used 60367K [0x0000000081400000, 0x0000000100000000)
  region size 1024K, 8 young (8192K), 8 survivors (8192K)
 Metaspace       used 96022K, committed 96704K, reserved 1179648K
  class space    used 13039K, committed 13376K, reserved 1048576K
}
Event: 38.076 GC heap before
{Heap before GC invocations=37 (full 0):
 garbage-first heap   total 291840K, used 227279K [0x0000000081400000, 0x0000000100000000)
  region size 1024K, 171 young (175104K), 8 survivors (8192K)
 Metaspace       used 100527K, committed 101120K, reserved 1179648K
  class space    used 13658K, committed 13952K, reserved 1048576K
}
Event: 38.105 GC heap after
{Heap after GC invocations=38 (full 0):
 garbage-first heap   total 291840K, used 67464K [0x0000000081400000, 0x0000000100000000)
  region size 1024K, 15 young (15360K), 15 survivors (15360K)
 Metaspace       used 100527K, committed 101120K, reserved 1179648K
  class space    used 13658K, committed 13952K, reserved 1048576K
}

