# JRE version: OpenJDK Runtime Environment Temurin-21.0.10+7 (21.0.10+7) (build 21.0.10+7-LTS)
# Java VM: OpenJDK 64-Bit Server VM Temurin-21.0.10+7 (21.0.10+7-LTS, mixed mode, sharing, tiered, compressed oops, compressed class ptrs, parallel gc, windows-amd64)
GC Precious Log:
 CardTable entry size: 512
 CPUs: 8 total, 8 available
 Memory: 8108M
 Large Page Support: Disabled
 NUMA Support: Disabled
 Compressed Oops: Enabled (32-bit)
 Alignments: Space 512K, Generation 512K, Heap 2M
 Heap Min Capacity: 100M
 Heap Initial Capacity: 100M
 Heap Max Capacity: 2G
 Pre-touch: Disabled
 Parallel Workers: 8
Heap:
 PSYoungGen      total 3584K, used 752K [0x00000000d5580000, 0x00000000d5b00000, 0x0000000100000000)
  eden space 3072K, 14% used [0x00000000d5580000,0x00000000d55ec1b8,0x00000000d5880000)
  from space 512K, 62% used [0x00000000d5880000,0x00000000d58d0020,0x00000000d5900000)
  to   space 512K, 0% used [0x00000000d5a80000,0x00000000d5a80000,0x00000000d5b00000)
 ParOldGen       total 284672K, used 284602K [0x0000000080000000, 0x0000000091600000, 0x00000000d5580000)
  object space 284672K, 99% used [0x0000000080000000,0x00000000915ee988,0x0000000091600000)
 Metaspace       used 74696K, committed 76352K, reserved 1179648K
  class space    used 7970K, committed 8640K, reserved 1048576K
GC Heap History (20 events):
Event: 2543.987 GC heap before
{Heap before GC invocations=377 (full 3):
 PSYoungGen      total 5632K, used 4903K [0x00000000d5580000, 0x00000000d5c00000, 0x0000000100000000)
  eden space 4608K, 99% used [0x00000000d5580000,0x00000000d59f9ce8,0x00000000d5a00000)
  from space 1024K, 31% used [0x00000000d5a00000,0x00000000d5a50000,0x00000000d5b00000)
  to   space 1024K, 0% used [0x00000000d5b00000,0x00000000d5b00000,0x00000000d5c00000)
 ParOldGen       total 282624K, used 282208K [0x0000000080000000, 0x0000000091400000, 0x00000000d5580000)
  object space 282624K, 99% used [0x0000000080000000,0x00000000913983e8,0x0000000091400000)
 Metaspace       used 74401K, committed 75968K, reserved 1179648K
  class space    used 7952K, committed 8640K, reserved 1048576K
}
Event: 2543.989 GC heap after
{Heap after GC invocations=377 (full 3):
 PSYoungGen      total 5632K, used 711K [0x00000000d5580000, 0x00000000d5c00000, 0x0000000100000000)
  eden space 4608K, 0% used [0x00000000d5580000,0x00000000d5580000,0x00000000d5a00000)
  from space 1024K, 69% used [0x00000000d5b00000,0x00000000d5bb1e10,0x00000000d5c00000)
  to   space 1024K, 0% used [0x00000000d5a00000,0x00000000d5a00000,0x00000000d5b00000)
 ParOldGen       total 282624K, used 282320K [0x0000000080000000, 0x0000000091400000, 0x00000000d5580000)
  object space 282624K, 99% used [0x0000000080000000,0x00000000913b43e8,0x0000000091400000)
 Metaspace       used 74401K, committed 75968K, reserved 1179648K
  class space    used 7952K, committed 8640K, reserved 1048576K
}
Event: 2544.117 GC heap before
{Heap before GC invocations=378 (full 3):
 PSYoungGen      total 5632K, used 5319K [0x00000000d5580000, 0x00000000d5c00000, 0x0000000100000000)
  eden space 4608K, 100% used [0x00000000d5580000,0x00000000d5a00000,0x00000000d5a00000)
  from space 1024K, 69% used [0x00000000d5b00000,0x00000000d5bb1e10,0x00000000d5c00000)
  to   space 1024K, 0% used [0x00000000d5a00000,0x00000000d5a00000,0x00000000d5b00000)
 ParOldGen       total 282624K, used 282320K [0x0000000080000000, 0x0000000091400000, 0x00000000d5580000)
  object space 282624K, 99% used [0x0000000080000000,0x00000000913b43e8,0x0000000091400000)
 Metaspace       used 74620K, committed 76224K, reserved 1179648K
  class space    used 7968K, committed 8640K, reserved 1048576K
}
Event: 2544.120 GC heap after
{Heap after GC invocations=378 (full 3):
 PSYoungGen      total 5632K, used 288K [0x00000000d5580000, 0x00000000d5b80000, 0x0000000100000000)
  eden space 4608K, 0% used [0x00000000d5580000,0x00000000d5580000,0x00000000d5a00000)
  from space 1024K, 28% used [0x00000000d5a00000,0x00000000d5a48000,0x00000000d5b00000)
  to   space 512K, 0% used [0x00000000d5b00000,0x00000000d5b00000,0x00000000d5b80000)
 ParOldGen       total 282624K, used 282448K [0x0000000080000000, 0x0000000091400000, 0x00000000d5580000)
  object space 282624K, 99% used [0x0000000080000000,0x00000000913d43e8,0x0000000091400000)
 Metaspace       used 74620K, committed 76224K, reserved 1179648K
  class space    used 7968K, committed 8640K, reserved 1048576K
}
Event: 2544.231 GC heap before
{Heap before GC invocations=379 (full 3):
 PSYoungGen      total 5632K, used 4543K [0x00000000d5580000, 0x00000000d5b80000, 0x0000000100000000)
  eden space 4608K, 92% used [0x00000000d5580000,0x00000000d59a7e18,0x00000000d5a00000)
  from space 1024K, 28% used [0x00000000d5a00000,0x00000000d5a48000,0x00000000d5b00000)
  to   space 512K, 0% used [0x00000000d5b00000,0x00000000d5b00000,0x00000000d5b80000)
 ParOldGen       total 282624K, used 282448K [0x0000000080000000, 0x0000000091400000, 0x00000000d5580000)
  object space 282624K, 99% used [0x0000000080000000,0x00000000913d43e8,0x0000000091400000)
 Metaspace       used 74628K, committed 76224K, reserved 1179648K
  class space    used 7969K, committed 8640K, reserved 1048576K
}
Event: 2544.234 GC heap after
{Heap after GC invocations=379 (full 3):
 PSYoungGen      total 5120K, used 384K [0x00000000d5580000, 0x00000000d5b80000, 0x0000000100000000)
  eden space 4608K, 0% used [0x00000000d5580000,0x00000000d5580000,0x00000000d5a00000)
  from space 512K, 75% used [0x00000000d5b00000,0x00000000d5b60000,0x00000000d5b80000)
  to   space 512K, 0% used [0x00000000d5a80000,0x00000000d5a80000,0x00000000d5b00000)
 ParOldGen       total 282624K, used 282576K [0x0000000080000000, 0x0000000091400000, 0x00000000d5580000)
  object space 282624K, 99% used [0x0000000080000000,0x00000000913f43e8,0x0000000091400000)
 Metaspace       used 74628K, committed 76224K, reserved 1179648K
  class space    used 7969K, committed 8640K, reserved 1048576K
}
Event: 2544.276 GC heap before
{Heap before GC invocations=380 (full 3):
 PSYoungGen      total 5120K, used 4992K [0x00000000d5580000, 0x00000000d5b80000, 0x0000000100000000)
  eden space 4608K, 100% used [0x00000000d5580000,0x00000000d5a00000,0x00000000d5a00000)
  from space 512K, 75% used [0x00000000d5b00000,0x00000000d5b60000,0x00000000d5b80000)
  to   space 512K, 0% used [0x00000000d5a80000,0x00000000d5a80000,0x00000000d5b00000)
 ParOldGen       total 282624K, used 282576K [0x0000000080000000, 0x0000000091400000, 0x00000000d5580000)
  object space 282624K, 99% used [0x0000000080000000,0x00000000913f43e8,0x0000000091400000)
 Metaspace       used 74628K, committed 76224K, reserved 1179648K
  class space    used 7969K, committed 8640K, reserved 1048576K
}
Event: 2544.278 GC heap after
{Heap after GC invocations=380 (full 3):
 PSYoungGen      total 5120K, used 192K [0x00000000d5580000, 0x00000000d5b80000, 0x0000000100000000)
  eden space 4608K, 0% used [0x00000000d5580000,0x00000000d5580000,0x00000000d5a00000)
  from space 512K, 37% used [0x00000000d5a80000,0x00000000d5ab0000,0x00000000d5b00000)
  to   space 512K, 0% used [0x00000000d5b00000,0x00000000d5b00000,0x00000000d5b80000)
 ParOldGen       total 283136K, used 282872K [0x0000000080000000, 0x0000000091480000, 0x00000000d5580000)
  object space 283136K, 99% used [0x0000000080000000,0x000000009143e3f8,0x0000000091480000)
 Metaspace       used 74628K, committed 76224K, reserved 1179648K
  class space    used 7969K, committed 8640K, reserved 1048576K
}
Event: 2544.319 GC heap before
{Heap before GC invocations=381 (full 3):
 PSYoungGen      total 5120K, used 4800K [0x00000000d5580000, 0x00000000d5b80000, 0x0000000100000000)
  eden space 4608K, 100% used [0x00000000d5580000,0x00000000d5a00000,0x00000000d5a00000)
  from space 512K, 37% used [0x00000000d5a80000,0x00000000d5ab0000,0x00000000d5b00000)
  to   space 512K, 0% used [0x00000000d5b00000,0x00000000d5b00000,0x00000000d5b80000)
 ParOldGen       total 283136K, used 282872K [0x0000000080000000, 0x0000000091480000, 0x00000000d5580000)
  object space 283136K, 99% used [0x0000000080000000,0x000000009143e3f8,0x0000000091480000)
 Metaspace       used 74628K, committed 76224K, reserved 1179648K
  class space    used 7969K, committed 8640K, reserved 1048576K
}
Event: 2544.322 GC heap after
{Heap after GC invocations=381 (full 3):
 PSYoungGen      total 3584K, used 507K [0x00000000d5580000, 0x00000000d5f00000, 0x0000000100000000)
  eden space 3072K, 0% used [0x00000000d5580000,0x00000000d5580000,0x00000000d5880000)
  from space 512K, 99% used [0x00000000d5b00000,0x00000000d5b7ee48,0x00000000d5b80000)
  to   space 2560K, 0% used [0x00000000d5880000,0x00000000d5880000,0x00000000d5b00000)
 ParOldGen       total 284672K, used 284274K [0x0000000080000000, 0x0000000091600000, 0x00000000d5580000)
  object space 284672K, 99% used [0x0000000080000000,0x000000009159c928,0x0000000091600000)
 Metaspace       used 74628K, committed 76224K, reserved 1179648K
  class space    used 7969K, committed 8640K, reserved 1048576K
}
Event: 2544.344 GC heap before
{Heap before GC invocations=382 (full 3):
 PSYoungGen      total 3584K, used 3579K [0x00000000d5580000, 0x00000000d5f00000, 0x0000000100000000)
  eden space 3072K, 100% used [0x00000000d5580000,0x00000000d5880000,0x00000000d5880000)
  from space 512K, 99% used [0x00000000d5b00000,0x00000000d5b7ee48,0x00000000d5b80000)
  to   space 2560K, 0% used [0x00000000d5880000,0x00000000d5880000,0x00000000d5b00000)
 ParOldGen       total 284672K, used 284274K [0x0000000080000000, 0x0000000091600000, 0x00000000d5580000)
  object space 284672K, 99% used [0x0000000080000000,0x000000009159c928,0x0000000091600000)
 Metaspace       used 74628K, committed 76224K, reserved 1179648K
  class space    used 7969K, committed 8640K, reserved 1048576K
}
Event: 2544.347 GC heap after
{Heap after GC invocations=382 (full 3):
 PSYoungGen      total 3584K, used 128K [0x00000000d5580000, 0x00000000d5b80000, 0x0000000100000000)
  eden space 3072K, 0% used [0x00000000d5580000,0x00000000d5580000,0x00000000d5880000)
  from space 512K, 25% used [0x00000000d5880000,0x00000000d58a0000,0x00000000d5900000)
  to   space 1024K, 0% used [0x00000000d5a80000,0x00000000d5a80000,0x00000000d5b80000)
 ParOldGen       total 284672K, used 284306K [0x0000000080000000, 0x0000000091600000, 0x00000000d5580000)
  object space 284672K, 99% used [0x0000000080000000,0x00000000915a4928,0x0000000091600000)
 Metaspace       used 74628K, committed 76224K, reserved 1179648K
  class space    used 7969K, committed 8640K, reserved 1048576K
}
Event: 2544.388 GC heap before
{Heap before GC invocations=383 (full 3):
 PSYoungGen      total 3584K, used 3198K [0x00000000d5580000, 0x00000000d5b80000, 0x0000000100000000)
  eden space 3072K, 99% used [0x00000000d5580000,0x00000000d587fab8,0x00000000d5880000)
  from space 512K, 25% used [0x00000000d5880000,0x00000000d58a0000,0x00000000d5900000)
  to   space 1024K, 0% used [0x00000000d5a80000,0x00000000d5a80000,0x00000000d5b80000)
 ParOldGen       total 284672K, used 284306K [0x0000000080000000, 0x0000000091600000, 0x00000000d5580000)
  object space 284672K, 99% used [0x0000000080000000,0x00000000915a4928,0x0000000091600000)
 Metaspace       used 74628K, committed 76224K, reserved 1179648K
  class space    used 7969K, committed 8640K, reserved 1048576K
}
Event: 2544.390 GC heap after
{Heap after GC invocations=383 (full 3):
 PSYoungGen      total 3584K, used 164K [0x00000000d5580000, 0x00000000d5b00000, 0x0000000100000000)
  eden space 3072K, 0% used [0x00000000d5580000,0x00000000d5580000,0x00000000d5880000)
  from space 512K, 32% used [0x00000000d5a80000,0x00000000d5aa9148,0x00000000d5b00000)
  to   space 512K, 0% used [0x00000000d5880000,0x00000000d5880000,0x00000000d5900000)
 ParOldGen       total 284672K, used 284322K [0x0000000080000000, 0x0000000091600000, 0x00000000d5580000)
  object space 284672K, 99% used [0x0000000080000000,0x00000000915a8928,0x0000000091600000)
 Metaspace       used 74628K, committed 76224K, reserved 1179648K
  class space    used 7969K, committed 8640K, reserved 1048576K
}
Event: 2544.973 GC heap before
{Heap before GC invocations=384 (full 3):
 PSYoungGen      total 3584K, used 3236K [0x00000000d5580000, 0x00000000d5b00000, 0x0000000100000000)
  eden space 3072K, 100% used [0x00000000d5580000,0x00000000d5880000,0x00000000d5880000)
  from space 512K, 32% used [0x00000000d5a80000,0x00000000d5aa9148,0x00000000d5b00000)
  to   space 512K, 0% used [0x00000000d5880000,0x00000000d5880000,0x00000000d5900000)
 ParOldGen       total 284672K, used 284322K [0x0000000080000000, 0x0000000091600000, 0x00000000d5580000)
  object space 284672K, 99% used [0x0000000080000000,0x00000000915a8928,0x0000000091600000)
 Metaspace       used 74628K, committed 76224K, reserved 1179648K
  class space    used 7969K, committed 8640K, reserved 1048576K
}
Event: 2544.975 GC heap after
{Heap after GC invocations=384 (full 3):
 PSYoungGen      total 3584K, used 192K [0x00000000d5580000, 0x00000000d5b00000, 0x0000000100000000)
  eden space 3072K, 0% used [0x00000000d5580000,0x00000000d5580000,0x00000000d5880000)
  from space 512K, 37% used [0x00000000d5880000,0x00000000d58b0000,0x00000000d5900000)
  to   space 512K, 0% used [0x00000000d5a80000,0x00000000d5a80000,0x00000000d5b00000)
 ParOldGen       total 284672K, used 284354K [0x0000000080000000, 0x0000000091600000, 0x00000000d5580000)
  object space 284672K, 99% used [0x0000000080000000,0x00000000915b0928,0x0000000091600000)
 Metaspace       used 74628K, committed 76224K, reserved 1179648K
  class space    used 7969K, committed 8640K, reserved 1048576K
}
Event: 2560.699 GC heap before
{Heap before GC invocations=385 (full 3):
 PSYoungGen      total 3584K, used 3264K [0x00000000d5580000, 0x00000000d5b00000, 0x0000000100000000)
  eden space 3072K, 100% used [0x00000000d5580000,0x00000000d5880000,0x00000000d5880000)
  from space 512K, 37% used [0x00000000d5880000,0x00000000d58b0000,0x00000000d5900000)
  to   space 512K, 0% used [0x00000000d5a80000,0x00000000d5a80000,0x00000000d5b00000)
 ParOldGen       total 284672K, used 284354K [0x0000000080000000, 0x0000000091600000, 0x00000000d5580000)
  object space 284672K, 99% used [0x0000000080000000,0x00000000915b0928,0x0000000091600000)
 Metaspace       used 74639K, committed 76224K, reserved 1179648K
  class space    used 7969K, committed 8640K, reserved 1048576K
}
Event: 2560.703 GC heap after
{Heap after GC invocations=385 (full 3):
 PSYoungGen      total 3584K, used 384K [0x00000000d5580000, 0x00000000d5b00000, 0x0000000100000000)
  eden space 3072K, 0% used [0x00000000d5580000,0x00000000d5580000,0x00000000d5880000)
  from space 512K, 75% used [0x00000000d5a80000,0x00000000d5ae0040,0x00000000d5b00000)
  to   space 512K, 0% used [0x00000000d5880000,0x00000000d5880000,0x00000000d5900000)
 ParOldGen       total 284672K, used 284378K [0x0000000080000000, 0x0000000091600000, 0x00000000d5580000)
  object space 284672K, 99% used [0x0000000080000000,0x00000000915b6928,0x0000000091600000)
 Metaspace       used 74639K, committed 76224K, reserved 1179648K
  class space    used 7969K, committed 8640K, reserved 1048576K
}
Event: 3429.310 GC heap before
{Heap before GC invocations=386 (full 3):
 PSYoungGen      total 3584K, used 3456K [0x00000000d5580000, 0x00000000d5b00000, 0x0000000100000000)
  eden space 3072K, 100% used [0x00000000d5580000,0x00000000d5880000,0x00000000d5880000)
  from space 512K, 75% used [0x00000000d5a80000,0x00000000d5ae0040,0x00000000d5b00000)
  to   space 512K, 0% used [0x00000000d5880000,0x00000000d5880000,0x00000000d5900000)
 ParOldGen       total 284672K, used 284378K [0x0000000080000000, 0x0000000091600000, 0x00000000d5580000)
  object space 284672K, 99% used [0x0000000080000000,0x00000000915b6928,0x0000000091600000)
 Metaspace       used 74694K, committed 76352K, reserved 1179648K
  class space    used 7970K, committed 8640K, reserved 1048576K
}
Event: 3429.449 GC heap after
{Heap after GC invocations=386 (full 3):
 PSYoungGen      total 3584K, used 320K [0x00000000d5580000, 0x00000000d5b00000, 0x0000000100000000)
  eden space 3072K, 0% used [0x00000000d5580000,0x00000000d5580000,0x00000000d5880000)
  from space 512K, 62% used [0x00000000d5880000,0x00000000d58d0020,0x00000000d5900000)
  to   space 512K, 0% used [0x00000000d5a80000,0x00000000d5a80000,0x00000000d5b00000)
 ParOldGen       total 284672K, used 284602K [0x0000000080000000, 0x0000000091600000, 0x00000000d5580000)
  object space 284672K, 99% used [0x0000000080000000,0x00000000915ee988,0x0000000091600000)
 Metaspace       used 74694K, committed 76352K, reserved 1179648K
  class space    used 7970K, committed 8640K, reserved 1048576K
}

